05/05/2025 01:07:15 AM: INFO: *************** Test_001_Login *****************
05/05/2025 01:07:15 AM: INFO: ****Started Home page title test ****
05/05/2025 01:07:15 AM: INFO: ****Opening Application URL ****
05/05/2025 01:07:19 AM: INFO: ****Home page title test passed****
05/05/2025 01:07:22 AM: INFO: ****Started Login test ****
05/05/2025 01:07:33 AM: INFO: ****Login test passed****
05/05/2025 01:08:25 AM: INFO: ******* Starting Test_002_DDT_Login Test **********
05/05/2025 01:08:25 AM: INFO: ******* Starting Login DDT Test **********
05/05/2025 01:08:42 AM: INFO: **** passed ****
05/05/2025 01:08:55 AM: INFO: **** passed ****
05/05/2025 01:09:06 AM: INFO: **** passed ****
05/05/2025 01:09:17 AM: INFO: **** passed ****
05/05/2025 01:09:17 AM: INFO: ******* DDT Login test passed **********
05/05/2025 01:09:17 AM: INFO: ******* End of Login DDT Test **********
05/05/2025 01:09:17 AM: INFO: **************** Completed  TC_LoginDDT_002 ************* 
05/05/2025 01:17:35 AM: INFO: ******* Starting Test_002_DDT_Login Test **********
05/05/2025 01:17:35 AM: INFO: ******* Starting Login DDT Test **********
05/05/2025 01:17:54 AM: INFO: **** passed ****
05/05/2025 01:18:07 AM: INFO: **** passed ****
05/05/2025 01:18:18 AM: INFO: **** passed ****
05/05/2025 01:18:29 AM: INFO: **** passed ****
05/05/2025 01:18:29 AM: INFO: ******* DDT Login test passed **********
05/05/2025 01:18:29 AM: INFO: ******* End of Login DDT Test **********
05/05/2025 01:18:29 AM: INFO: **************** Completed  TC_LoginDDT_002 ************* 
05/05/2025 01:28:44 AM: INFO: *************** Test_001_Login *****************
05/05/2025 01:28:44 AM: INFO: ****Started Home page title test ****
05/05/2025 01:28:44 AM: INFO: ****Opening Application URL ****
05/05/2025 01:28:48 AM: INFO: ****Home page title test passed****
05/05/2025 01:28:55 AM: INFO: ****Started Login test ****
05/05/2025 01:29:07 AM: INFO: ****Login test failed****
05/05/2025 12:04:47 PM: INFO: ************* Test_003_AddCustomer **********
05/05/2025 12:04:55 PM: INFO: ************* Login succesful **********
05/05/2025 12:04:55 PM: INFO: ******* Starting Add Customer Test **********
05/05/2025 12:05:11 PM: INFO: *************** Test_001_Login *****************
05/05/2025 12:05:11 PM: INFO: ****Started Home page title test ****
05/05/2025 12:05:11 PM: INFO: ****Opening Application URL ****
05/05/2025 12:05:14 PM: INFO: ****Home page title test passed****
05/05/2025 12:05:19 PM: INFO: ****Started Login test ****
05/05/2025 12:05:28 PM: INFO: ****Login test passed****
05/05/2025 12:05:33 PM: INFO: ******* Starting Test_002_DDT_Login Test **********
05/05/2025 12:05:33 PM: INFO: ******* Starting Login DDT Test **********
05/05/2025 12:05:54 PM: INFO: **** passed ****
05/05/2025 12:06:07 PM: INFO: **** passed ****
05/05/2025 12:06:17 PM: INFO: **** passed ****
05/05/2025 12:06:28 PM: INFO: **** passed ****
05/05/2025 12:06:28 PM: INFO: ******* DDT Login test passed **********
05/05/2025 12:06:28 PM: INFO: ******* End of Login DDT Test **********
05/05/2025 12:06:28 PM: INFO: **************** Completed  TC_LoginDDT_002 ************* 
05/05/2025 12:06:34 PM: INFO: ************* SearchCustomerByEmail_004 **********
05/05/2025 12:06:39 PM: INFO: ************* Login succesful **********
05/05/2025 12:06:39 PM: INFO: ******* Starting Search Customer By Email **********
05/05/2025 12:54:44 PM: INFO: ************* Test_003_AddCustomer **********
05/05/2025 12:54:51 PM: INFO: ************* Login succesful **********
05/05/2025 12:54:51 PM: INFO: ******* Starting Add Customer Test **********
05/05/2025 12:54:53 PM: INFO: ************* Providing customer info **********
05/05/2025 12:56:54 PM: INFO: ************* Test_003_AddCustomer **********
05/05/2025 12:57:02 PM: INFO: ************* Login succesful **********
05/05/2025 12:57:02 PM: INFO: ******* Starting Add Customer Test **********
05/05/2025 12:57:07 PM: INFO: ************* Providing customer info **********
05/05/2025 01:05:14 PM: INFO: ************* Test_003_AddCustomer **********
05/05/2025 01:05:23 PM: INFO: ************* Login succesful **********
05/05/2025 01:05:23 PM: INFO: ******* Starting Add Customer Test **********
05/05/2025 01:05:26 PM: INFO: ************* Providing customer info **********
05/05/2025 01:13:37 PM: INFO: ************* Test_003_AddCustomer **********
05/05/2025 01:13:43 PM: INFO: ************* Login succesful **********
05/05/2025 01:13:43 PM: INFO: ******* Starting Add Customer Test **********
05/05/2025 01:13:46 PM: INFO: ************* Providing customer info **********
05/05/2025 01:15:48 PM: INFO: ************* Test_003_AddCustomer **********
05/05/2025 01:15:55 PM: INFO: ************* Login succesful **********
05/05/2025 01:15:55 PM: INFO: ******* Starting Add Customer Test **********
05/05/2025 01:15:57 PM: INFO: ************* Providing customer info **********
05/05/2025 01:19:42 PM: INFO: ************* Test_003_AddCustomer **********
05/05/2025 01:19:49 PM: INFO: ************* Login succesful **********
05/05/2025 01:19:49 PM: INFO: ******* Starting Add Customer Test **********
05/05/2025 01:24:16 PM: INFO: ************* Test_003_AddCustomer **********
05/05/2025 01:24:24 PM: INFO: ************* Login succesful **********
05/05/2025 01:24:24 PM: INFO: ******* Starting Add Customer Test **********
05/05/2025 01:24:27 PM: INFO: ************* Providing customer info **********
05/05/2025 01:29:45 PM: INFO: ************* Test_003_AddCustomer **********
05/05/2025 01:29:51 PM: INFO: ************* Login succesful **********
05/05/2025 01:29:51 PM: INFO: ******* Starting Add Customer Test **********
05/05/2025 01:29:56 PM: INFO: ************* Providing customer info **********
05/05/2025 01:33:03 PM: INFO: ************* Test_003_AddCustomer **********
05/05/2025 01:33:11 PM: INFO: ************* Login succesful **********
05/05/2025 01:33:11 PM: INFO: ******* Starting Add Customer Test **********
05/05/2025 01:33:14 PM: INFO: ************* Providing customer info **********
05/05/2025 01:33:16 PM: INFO: ************* Saving customer info **********
05/05/2025 01:33:16 PM: INFO: ********* Add customer validation started *****************
05/05/2025 01:36:47 PM: INFO: ************* Test_003_AddCustomer **********
05/05/2025 01:36:53 PM: INFO: ************* Login succesful **********
05/05/2025 01:36:53 PM: INFO: ******* Starting Add Customer Test **********
05/05/2025 01:38:48 PM: INFO: ************* Test_003_AddCustomer **********
05/05/2025 01:38:53 PM: INFO: ************* Login succesful **********
05/05/2025 01:38:53 PM: INFO: ******* Starting Add Customer Test **********
05/05/2025 01:39:01 PM: INFO: ************* Providing customer info **********
05/05/2025 01:39:14 PM: INFO: ************* Saving customer info **********
05/05/2025 01:39:14 PM: INFO: ********* Add customer validation started *****************
05/05/2025 01:40:36 PM: INFO: ************* Test_003_AddCustomer **********
05/05/2025 01:40:44 PM: INFO: ************* Login succesful **********
05/05/2025 01:40:44 PM: INFO: ******* Starting Add Customer Test **********
05/05/2025 01:40:54 PM: INFO: ************* Providing customer info **********
05/05/2025 01:40:58 PM: INFO: ************* Saving customer info **********
05/05/2025 01:40:58 PM: INFO: ********* Add customer validation started *****************
05/05/2025 01:40:59 PM: INFO: ********* Add customer Test Passed *********
05/05/2025 01:40:59 PM: INFO: ******* Ending Add customer test **********
05/05/2025 06:15:08 PM: INFO: ************* SearchCustomerByEmail_004 **********
05/05/2025 06:15:19 PM: INFO: ************* Login succesful **********
05/05/2025 06:15:19 PM: INFO: ******* Starting Search Customer By Email **********
05/05/2025 06:15:20 PM: INFO: ************* searching customer by emailID **********
05/05/2025 06:15:21 PM: INFO: ***************  TC_SearchCustomerByEmail_004 Finished  *********** 
